time="2021-08-02T17:42:24-04:00" level=info msg="Creating new router: func NewRouter()"
time="2021-08-02T17:42:24-04:00" level=info msg="Creating new client: func NewClient()"
time="2021-08-02T17:42:24-04:00" level=info msg="Retrieving auth info: func auth.NewAuth()"
time="2021-08-02T17:42:24-04:00" level=info msg="Initializing router, adding handlers: func InitRouter()"
time="2021-08-02T17:42:27-04:00" level=info msg="Retrieving auth info: func auth.NewAuth()"
time="2021-08-02T17:42:30-04:00" level=info msg="Retrieving auth info: func auth.NewAuth()"
time="2021-08-02T17:42:34-04:00" level=info msg="Retrieving auth info: func auth.NewAuth()"
time="2021-08-02T17:42:40-04:00" level=info msg="Creating new router: func NewRouter()"
time="2021-08-02T17:42:40-04:00" level=info msg="Creating new client: func NewClient()"
time="2021-08-02T17:42:40-04:00" level=info msg="Retrieving auth info: func auth.NewAuth()"
time="2021-08-02T17:42:40-04:00" level=info msg="Initializing router, adding handlers: func InitRouter()"
time="2021-08-02T17:42:45-04:00" level=info msg="Retrieving auth info: func auth.NewAuth()"
time="2021-08-02T18:05:12-04:00" level=info msg="Creating new router: func NewRouter()"
time="2021-08-02T18:05:12-04:00" level=info msg="Creating new client: func NewClient()"
time="2021-08-02T18:05:12-04:00" level=info msg="Retrieving auth info: func auth.NewAuth()"
time="2021-08-02T18:05:12-04:00" level=info msg="Retrieving auth info: func auth.NewAuth()"
time="2021-08-02T18:05:12-04:00" level=info msg="Initializing router, adding handlers: func InitRouter()"
time="2021-08-02T18:07:27-04:00" level=info msg="Creating new router: func NewRouter()"
time="2021-08-02T18:07:27-04:00" level=info msg="Creating new client: func NewClient()"
time="2021-08-02T18:07:27-04:00" level=info msg="Retrieving auth info: func auth.NewAuth()"
time="2021-08-02T18:07:27-04:00" level=info msg="Retrieving auth info: func auth.NewAuth()"
time="2021-08-02T18:07:27-04:00" level=info msg="Initializing router, adding handlers: func InitRouter()"
time="2021-08-02T21:00:36-04:00" level=info msg="Creating new router: func NewRouter()"
time="2021-08-02T21:00:36-04:00" level=info msg="Creating new client: func NewClient()"
time="2021-08-02T21:00:36-04:00" level=info msg="Retrieving auth info: func auth.NewAuth()"
time="2021-08-02T21:00:36-04:00" level=info msg="Retrieving auth info: func auth.NewAuth()"
time="2021-08-02T21:00:36-04:00" level=info msg="Initializing router, adding handlers: func InitRouter()"
time="2021-08-02T21:01:05-04:00" level=error msg="mongo: no documents in result" event="Finding weapon in database" func="ReadWeaponEndpoint()"
time="2021-08-02T21:02:01-04:00" level=info msg="Creating new router: func NewRouter()"
time="2021-08-02T21:02:01-04:00" level=info msg="Creating new client: func NewClient()"
time="2021-08-02T21:02:01-04:00" level=info msg="Retrieving auth info: func auth.NewAuth()"
time="2021-08-02T21:02:01-04:00" level=info msg="Retrieving auth info: func auth.NewAuth()"
time="2021-08-02T21:02:01-04:00" level=info msg="Initializing router, adding handlers: func InitRouter()"
time="2021-08-04T22:23:17-04:00" level=info msg="Creating new router: func NewRouter()"
time="2021-08-04T22:23:17-04:00" level=info msg="Creating new client: func NewClient()"
time="2021-08-04T22:23:17-04:00" level=info msg="Retrieving auth info: func auth.NewAuth()"
time="2021-08-04T22:23:17-04:00" level=info msg="Retrieving auth info: func auth.NewAuth()"
time="2021-08-04T22:23:17-04:00" level=info msg="Initializing router, adding handlers: func InitRouter()"
time="2021-08-04T22:25:15-04:00" level=info msg="Creating new router: func NewRouter()"
time="2021-08-04T22:25:15-04:00" level=info msg="Creating new client: func NewClient()"
time="2021-08-04T22:25:15-04:00" level=info msg="Retrieving auth info: func auth.NewAuth()"
time="2021-08-04T22:25:15-04:00" level=info msg="Retrieving auth info: func auth.NewAuth()"
time="2021-08-04T22:25:15-04:00" level=info msg="Initializing router, adding handlers: func InitRouter()"
time="2021-08-04T22:33:12-04:00" level=info msg="Creating new router: func NewRouter()"
time="2021-08-04T22:33:12-04:00" level=info msg="Creating new client: func NewClient()"
time="2021-08-04T22:33:12-04:00" level=info msg="Retrieving auth info: func auth.NewAuth()"
time="2021-08-04T22:33:12-04:00" level=info msg="Retrieving auth info: func auth.NewAuth()"
time="2021-08-04T22:33:12-04:00" level=info msg="Initializing router, adding handlers: func InitRouter()"
